<?xml version="1.0" encoding="UTF-8"?>
<coverage generated="1777221414336" clover="3.2.0">
  <project timestamp="1777221414337" name="All files">
    <metrics statements="68" coveredstatements="68" conditionals="38" coveredconditionals="33" methods="13" coveredmethods="13" elements="119" coveredelements="114" complexity="0" loc="68" ncloc="68" packages="2" files="4" classes="4"/>
    <package name="src">
      <metrics statements="66" coveredstatements="66" conditionals="38" coveredconditionals="33" methods="13" coveredmethods="13"/>
      <file name="llm.js" path="C:\Users\saran\OneDrive\Desktop\creditq\ai-sales-agent\api\src\llm.js">
        <metrics statements="27" coveredstatements="27" conditionals="12" coveredconditionals="8" methods="6" coveredmethods="6"/>
        <line num="3" count="1" type="stmt"/>
        <line num="4" count="1" type="stmt"/>
        <line num="5" count="1" type="stmt"/>
        <line num="8" count="17" type="stmt"/>
        <line num="10" count="17" type="stmt"/>
        <line num="12" count="119" type="cond" truecount="1" falsecount="1"/>
        <line num="13" count="119" type="stmt"/>
        <line num="17" count="17" type="stmt"/>
        <line num="18" count="119" type="stmt"/>
        <line num="21" count="17" type="stmt"/>
        <line num="22" count="85" type="stmt"/>
        <line num="25" count="17" type="stmt"/>
        <line num="73" count="4" type="stmt"/>
        <line num="74" count="4" type="cond" truecount="2" falsecount="0"/>
        <line num="76" count="3" type="stmt"/>
        <line num="78" count="3" type="stmt"/>
        <line num="84" count="3" type="stmt"/>
        <line num="91" count="3" type="stmt"/>
        <line num="95" count="6" type="stmt"/>
        <line num="96" count="6" type="cond" truecount="2" falsecount="0"/>
        <line num="98" count="5" type="stmt"/>
        <line num="100" count="5" type="stmt"/>
        <line num="106" count="5" type="stmt"/>
        <line num="114" count="5" type="stmt"/>
        <line num="115" count="17" type="stmt"/>
        <line num="116" count="17" type="cond" truecount="2" falsecount="0"/>
        <line num="120" count="1" type="stmt"/>
      </file>
      <file name="salesScript.js" path="C:\Users\saran\OneDrive\Desktop\creditq\ai-sales-agent\api\src\salesScript.js">
        <metrics statements="19" coveredstatements="19" conditionals="16" coveredconditionals="15" methods="5" coveredmethods="5"/>
        <line num="3" count="2" type="stmt"/>
        <line num="12" count="2" type="stmt"/>
        <line num="62" count="2" type="stmt"/>
        <line num="63" count="2" type="stmt"/>
        <line num="65" count="2" type="stmt"/>
        <line num="75" count="1" type="stmt"/>
        <line num="78" count="2" type="stmt"/>
        <line num="81" count="13" type="cond" truecount="2" falsecount="0"/>
        <line num="83" count="105" type="cond" truecount="4" falsecount="0"/>
        <line num="84" count="3" type="stmt"/>
        <line num="87" count="68" type="cond" truecount="4" falsecount="0"/>
        <line num="88" count="3" type="stmt"/>
        <line num="91" count="7" type="stmt"/>
        <line num="92" count="7" type="cond" truecount="1" falsecount="1"/>
        <line num="94" count="7" type="cond" truecount="2" falsecount="0"/>
        <line num="95" count="6" type="stmt"/>
        <line num="98" count="1" type="stmt"/>
        <line num="102" count="27" type="cond" truecount="2" falsecount="0"/>
        <line num="105" count="2" type="stmt"/>
      </file>
      <file name="tts.js" path="C:\Users\saran\OneDrive\Desktop\creditq\ai-sales-agent\api\src\tts.js">
        <metrics statements="20" coveredstatements="20" conditionals="10" coveredconditionals="10" methods="2" coveredmethods="2"/>
        <line num="2" count="3" type="stmt"/>
        <line num="3" count="3" type="cond" truecount="2" falsecount="0"/>
        <line num="5" count="2" type="stmt"/>
        <line num="23" count="2" type="cond" truecount="2" falsecount="0"/>
        <line num="24" count="1" type="stmt"/>
        <line num="25" count="1" type="stmt"/>
        <line num="28" count="1" type="stmt"/>
        <line num="29" count="1" type="stmt"/>
        <line num="33" count="6" type="stmt"/>
        <line num="34" count="6" type="cond" truecount="2" falsecount="0"/>
        <line num="36" count="5" type="stmt"/>
        <line num="54" count="5" type="cond" truecount="2" falsecount="0"/>
        <line num="55" count="1" type="stmt"/>
        <line num="56" count="1" type="stmt"/>
        <line num="59" count="4" type="stmt"/>
        <line num="60" count="4" type="stmt"/>
        <line num="61" count="7" type="stmt"/>
        <line num="62" count="7" type="cond" truecount="2" falsecount="0"/>
        <line num="63" count="3" type="stmt"/>
        <line num="67" count="1" type="stmt"/>
      </file>
    </package>
    <package name="src.knowledge">
      <metrics statements="2" coveredstatements="2" conditionals="0" coveredconditionals="0" methods="0" coveredmethods="0"/>
      <file name="creditq.js" path="C:\Users\saran\OneDrive\Desktop\creditq\ai-sales-agent\api\src\knowledge\creditq.js">
        <metrics statements="2" coveredstatements="2" conditionals="0" coveredconditionals="0" methods="0" coveredmethods="0"/>
        <line num="3" count="2" type="stmt"/>
        <line num="263" count="2" type="stmt"/>
      </file>
    </package>
  </project>
</coverage>
