{"C:\\Users\\saran\\OneDrive\\Desktop\\creditq\\ai-sales-agent\\api\\src\\llm.js": {"path":"C:\\Users\\saran\\OneDrive\\Desktop\\creditq\\ai-sales-agent\\api\\src\\llm.js","statementMap":{"0":{"start":{"line":3,"column":13},"end":{"line":3,"column":32}},"1":{"start":{"line":4,"column":30},"end":{"line":4,"column":60}},"2":{"start":{"line":5,"column":32},"end":{"line":5,"column":56}},"3":{"start":{"line":8,"column":12},"end":{"line":8,"column":29}},"4":{"start":{"line":10,"column":20},"end":{"line":15,"column":15}},"5":{"start":{"line":12,"column":20},"end":{"line":12,"column":105}},"6":{"start":{"line":13,"column":6},"end":{"line":13,"column":93}},"7":{"start":{"line":17,"column":24},"end":{"line":19,"column":15}},"8":{"start":{"line":18,"column":25},"end":{"line":18,"column":45}},"9":{"start":{"line":21,"column":20},"end":{"line":23,"column":15}},"10":{"start":{"line":22,"column":25},"end":{"line":22,"column":45}},"11":{"start":{"line":25,"column":2},"end":{"line":69,"column":37}},"12":{"start":{"line":73,"column":17},"end":{"line":73,"column":41}},"13":{"start":{"line":74,"column":2},"end":{"line":74,"column":61}},"14":{"start":{"line":74,"column":15},"end":{"line":74,"column":61}},"15":{"start":{"line":76,"column":15},"end":{"line":76,"column":35}},"16":{"start":{"line":78,"column":19},"end":{"line":82,"column":3}},"17":{"start":{"line":84,"column":19},"end":{"line":89,"column":4}},"18":{"start":{"line":91,"column":2},"end":{"line":91,"column":44}},"19":{"start":{"line":95,"column":17},"end":{"line":95,"column":41}},"20":{"start":{"line":96,"column":2},"end":{"line":96,"column":61}},"21":{"start":{"line":96,"column":15},"end":{"line":96,"column":61}},"22":{"start":{"line":98,"column":15},"end":{"line":98,"column":35}},"23":{"start":{"line":100,"column":19},"end":{"line":104,"column":3}},"24":{"start":{"line":106,"column":17},"end":{"line":112,"column":4}},"25":{"start":{"line":114,"column":2},"end":{"line":117,"column":3}},"26":{"start":{"line":115,"column":18},"end":{"line":115,"column":50}},"27":{"start":{"line":116,"column":4},"end":{"line":116,"column":26}},"28":{"start":{"line":116,"column":15},"end":{"line":116,"column":26}},"29":{"start":{"line":120,"column":0},"end":{"line":120,"column":64}}},"fnMap":{"0":{"name":"buildSystemPrompt","decl":{"start":{"line":7,"column":9},"end":{"line":7,"column":26}},"loc":{"start":{"line":7,"column":34},"end":{"line":70,"column":1}},"line":7},"1":{"name":"(anonymous_1)","decl":{"start":{"line":11,"column":9},"end":{"line":11,"column":10}},"loc":{"start":{"line":11,"column":14},"end":{"line":14,"column":5}},"line":11},"2":{"name":"(anonymous_2)","decl":{"start":{"line":18,"column":9},"end":{"line":18,"column":10}},"loc":{"start":{"line":18,"column":25},"end":{"line":18,"column":45}},"line":18},"3":{"name":"(anonymous_3)","decl":{"start":{"line":22,"column":9},"end":{"line":22,"column":10}},"loc":{"start":{"line":22,"column":25},"end":{"line":22,"column":45}},"line":22},"4":{"name":"getReply","decl":{"start":{"line":72,"column":15},"end":{"line":72,"column":23}},"loc":{"start":{"line":72,"column":70},"end":{"line":92,"column":1}},"line":72},"5":{"name":"getReplyStream","decl":{"start":{"line":94,"column":16},"end":{"line":94,"column":30}},"loc":{"start":{"line":94,"column":77},"end":{"line":118,"column":1}},"line":94}},"branchMap":{"0":{"loc":{"start":{"line":12,"column":20},"end":{"line":12,"column":105}},"type":"cond-expr","locations":[{"start":{"line":12,"column":50},"end":{"line":12,"column":87}},{"start":{"line":12,"column":90},"end":{"line":12,"column":105}}],"line":12},"1":{"loc":{"start":{"line":72,"column":36},"end":{"line":72,"column":48}},"type":"default-arg","locations":[{"start":{"line":72,"column":46},"end":{"line":72,"column":48}}],"line":72},"2":{"loc":{"start":{"line":72,"column":50},"end":{"line":72,"column":68}},"type":"default-arg","locations":[{"start":{"line":72,"column":58},"end":{"line":72,"column":68}}],"line":72},"3":{"loc":{"start":{"line":74,"column":2},"end":{"line":74,"column":61}},"type":"if","locations":[{"start":{"line":74,"column":2},"end":{"line":74,"column":61}},{"start":{},"end":{}}],"line":74},"4":{"loc":{"start":{"line":94,"column":43},"end":{"line":94,"column":55}},"type":"default-arg","locations":[{"start":{"line":94,"column":53},"end":{"line":94,"column":55}}],"line":94},"5":{"loc":{"start":{"line":94,"column":57},"end":{"line":94,"column":75}},"type":"default-arg","locations":[{"start":{"line":94,"column":65},"end":{"line":94,"column":75}}],"line":94},"6":{"loc":{"start":{"line":96,"column":2},"end":{"line":96,"column":61}},"type":"if","locations":[{"start":{"line":96,"column":2},"end":{"line":96,"column":61}},{"start":{},"end":{}}],"line":96},"7":{"loc":{"start":{"line":116,"column":4},"end":{"line":116,"column":26}},"type":"if","locations":[{"start":{"line":116,"column":4},"end":{"line":116,"column":26}},{"start":{},"end":{}}],"line":116}},"s":{"0":1,"1":1,"2":1,"3":17,"4":17,"5":119,"6":119,"7":17,"8":119,"9":17,"10":85,"11":17,"12":4,"13":4,"14":1,"15":3,"16":3,"17":3,"18":3,"19":6,"20":6,"21":1,"22":5,"23":5,"24":5,"25":5,"26":17,"27":17,"28":15,"29":1},"f":{"0":17,"1":119,"2":119,"3":85,"4":4,"5":6},"b":{"0":[119,0],"1":[0],"2":[1],"3":[1,3],"4":[0],"5":[0],"6":[1,5],"7":[15,2]},"_coverageSchema":"1a1c01bbd47fc00a2c39e90264f33305004495a9","hash":"82f7e7b4fe9a03e509f2286a1c7fdb36affa7098"}
,"C:\\Users\\saran\\OneDrive\\Desktop\\creditq\\ai-sales-agent\\api\\src\\salesScript.js": {"path":"C:\\Users\\saran\\OneDrive\\Desktop\\creditq\\ai-sales-agent\\api\\src\\salesScript.js","statementMap":{"0":{"start":{"line":3,"column":15},"end":{"line":10,"column":1}},"1":{"start":{"line":12,"column":27},"end":{"line":60,"column":1}},"2":{"start":{"line":62,"column":26},"end":{"line":62,"column":174}},"3":{"start":{"line":63,"column":22},"end":{"line":63,"column":150}},"4":{"start":{"line":65,"column":26},"end":{"line":72,"column":1}},"5":{"start":{"line":75,"column":2},"end":{"line":75,"column":24}},"6":{"start":{"line":78,"column":26},"end":{"line":78,"column":68}},"7":{"start":{"line":81,"column":14},"end":{"line":81,"column":51}},"8":{"start":{"line":83,"column":2},"end":{"line":85,"column":3}},"9":{"start":{"line":83,"column":74},"end":{"line":83,"column":89}},"10":{"start":{"line":84,"column":4},"end":{"line":84,"column":27}},"11":{"start":{"line":87,"column":2},"end":{"line":89,"column":3}},"12":{"start":{"line":87,"column":70},"end":{"line":87,"column":85}},"13":{"start":{"line":88,"column":4},"end":{"line":88,"column":23}},"14":{"start":{"line":91,"column":15},"end":{"line":91,"column":46}},"15":{"start":{"line":92,"column":2},"end":{"line":92,"column":36}},"16":{"start":{"line":92,"column":13},"end":{"line":92,"column":36}},"17":{"start":{"line":94,"column":2},"end":{"line":96,"column":3}},"18":{"start":{"line":95,"column":4},"end":{"line":95,"column":20}},"19":{"start":{"line":98,"column":2},"end":{"line":98,"column":21}},"20":{"start":{"line":102,"column":2},"end":{"line":102,"column":74}},"21":{"start":{"line":105,"column":0},"end":{"line":105,"column":79}}},"fnMap":{"0":{"name":"getInitialStage","decl":{"start":{"line":74,"column":9},"end":{"line":74,"column":24}},"loc":{"start":{"line":74,"column":27},"end":{"line":76,"column":1}},"line":74},"1":{"name":"advanceStage","decl":{"start":{"line":80,"column":9},"end":{"line":80,"column":21}},"loc":{"start":{"line":80,"column":64},"end":{"line":99,"column":1}},"line":80},"2":{"name":"(anonymous_2)","decl":{"start":{"line":83,"column":69},"end":{"line":83,"column":70}},"loc":{"start":{"line":83,"column":74},"end":{"line":83,"column":89}},"line":83},"3":{"name":"(anonymous_3)","decl":{"start":{"line":87,"column":65},"end":{"line":87,"column":66}},"loc":{"start":{"line":87,"column":70},"end":{"line":87,"column":85}},"line":87},"4":{"name":"getStageInstruction","decl":{"start":{"line":101,"column":9},"end":{"line":101,"column":28}},"loc":{"start":{"line":101,"column":36},"end":{"line":103,"column":1}},"line":101}},"branchMap":{"0":{"loc":{"start":{"line":81,"column":15},"end":{"line":81,"column":36}},"type":"binary-expr","locations":[{"start":{"line":81,"column":15},"end":{"line":81,"column":30}},{"start":{"line":81,"column":34},"end":{"line":81,"column":36}}],"line":81},"1":{"loc":{"start":{"line":83,"column":2},"end":{"line":85,"column":3}},"type":"if","locations":[{"start":{"line":83,"column":2},"end":{"line":85,"column":3}},{"start":{},"end":{}}],"line":83},"2":{"loc":{"start":{"line":83,"column":6},"end":{"line":83,"column":90}},"type":"binary-expr","locations":[{"start":{"line":83,"column":6},"end":{"line":83,"column":42}},{"start":{"line":83,"column":46},"end":{"line":83,"column":90}}],"line":83},"3":{"loc":{"start":{"line":87,"column":2},"end":{"line":89,"column":3}},"type":"if","locations":[{"start":{"line":87,"column":2},"end":{"line":89,"column":3}},{"start":{},"end":{}}],"line":87},"4":{"loc":{"start":{"line":87,"column":6},"end":{"line":87,"column":86}},"type":"binary-expr","locations":[{"start":{"line":87,"column":6},"end":{"line":87,"column":42}},{"start":{"line":87,"column":46},"end":{"line":87,"column":86}}],"line":87},"5":{"loc":{"start":{"line":92,"column":2},"end":{"line":92,"column":36}},"type":"if","locations":[{"start":{"line":92,"column":2},"end":{"line":92,"column":36}},{"start":{},"end":{}}],"line":92},"6":{"loc":{"start":{"line":94,"column":2},"end":{"line":96,"column":3}},"type":"if","locations":[{"start":{"line":94,"column":2},"end":{"line":96,"column":3}},{"start":{},"end":{}}],"line":94},"7":{"loc":{"start":{"line":102,"column":9},"end":{"line":102,"column":74}},"type":"binary-expr","locations":[{"start":{"line":102,"column":9},"end":{"line":102,"column":34}},{"start":{"line":102,"column":38},"end":{"line":102,"column":74}}],"line":102}},"s":{"0":2,"1":2,"2":2,"3":2,"4":2,"5":1,"6":2,"7":13,"8":13,"9":105,"10":3,"11":10,"12":68,"13":3,"14":7,"15":7,"16":0,"17":7,"18":6,"19":1,"20":27,"21":2},"f":{"0":1,"1":13,"2":105,"3":68,"4":27},"b":{"0":[13,1],"1":[3,10],"2":[13,11],"3":[3,7],"4":[10,8],"5":[0,7],"6":[6,1],"7":[27,1]},"_coverageSchema":"1a1c01bbd47fc00a2c39e90264f33305004495a9","hash":"7c75062981a556c15d3f85cd5b90b76507405b78"}
,"C:\\Users\\saran\\OneDrive\\Desktop\\creditq\\ai-sales-agent\\api\\src\\tts.js": {"path":"C:\\Users\\saran\\OneDrive\\Desktop\\creditq\\ai-sales-agent\\api\\src\\tts.js","statementMap":{"0":{"start":{"line":2,"column":17},"end":{"line":2,"column":43}},"1":{"start":{"line":3,"column":2},"end":{"line":3,"column":64}},"2":{"start":{"line":3,"column":15},"end":{"line":3,"column":64}},"3":{"start":{"line":5,"column":19},"end":{"line":21,"column":4}},"4":{"start":{"line":23,"column":2},"end":{"line":26,"column":3}},"5":{"start":{"line":24,"column":17},"end":{"line":24,"column":38}},"6":{"start":{"line":25,"column":4},"end":{"line":25,"column":62}},"7":{"start":{"line":28,"column":15},"end":{"line":28,"column":36}},"8":{"start":{"line":29,"column":2},"end":{"line":29,"column":47}},"9":{"start":{"line":33,"column":17},"end":{"line":33,"column":43}},"10":{"start":{"line":34,"column":2},"end":{"line":34,"column":64}},"11":{"start":{"line":34,"column":15},"end":{"line":34,"column":64}},"12":{"start":{"line":36,"column":19},"end":{"line":52,"column":4}},"13":{"start":{"line":54,"column":2},"end":{"line":57,"column":3}},"14":{"start":{"line":55,"column":17},"end":{"line":55,"column":38}},"15":{"start":{"line":56,"column":4},"end":{"line":56,"column":69}},"16":{"start":{"line":59,"column":17},"end":{"line":59,"column":42}},"17":{"start":{"line":60,"column":2},"end":{"line":64,"column":3}},"18":{"start":{"line":61,"column":28},"end":{"line":61,"column":47}},"19":{"start":{"line":62,"column":4},"end":{"line":62,"column":20}},"20":{"start":{"line":62,"column":14},"end":{"line":62,"column":20}},"21":{"start":{"line":63,"column":4},"end":{"line":63,"column":25}},"22":{"start":{"line":67,"column":0},"end":{"line":67,"column":50}}},"fnMap":{"0":{"name":"synthesize","decl":{"start":{"line":1,"column":15},"end":{"line":1,"column":25}},"loc":{"start":{"line":1,"column":32},"end":{"line":30,"column":1}},"line":1},"1":{"name":"synthesizeStream","decl":{"start":{"line":32,"column":15},"end":{"line":32,"column":31}},"loc":{"start":{"line":32,"column":47},"end":{"line":65,"column":1}},"line":32}},"branchMap":{"0":{"loc":{"start":{"line":3,"column":2},"end":{"line":3,"column":64}},"type":"if","locations":[{"start":{"line":3,"column":2},"end":{"line":3,"column":64}},{"start":{},"end":{}}],"line":3},"1":{"loc":{"start":{"line":23,"column":2},"end":{"line":26,"column":3}},"type":"if","locations":[{"start":{"line":23,"column":2},"end":{"line":26,"column":3}},{"start":{},"end":{}}],"line":23},"2":{"loc":{"start":{"line":34,"column":2},"end":{"line":34,"column":64}},"type":"if","locations":[{"start":{"line":34,"column":2},"end":{"line":34,"column":64}},{"start":{},"end":{}}],"line":34},"3":{"loc":{"start":{"line":54,"column":2},"end":{"line":57,"column":3}},"type":"if","locations":[{"start":{"line":54,"column":2},"end":{"line":57,"column":3}},{"start":{},"end":{}}],"line":54},"4":{"loc":{"start":{"line":62,"column":4},"end":{"line":62,"column":20}},"type":"if","locations":[{"start":{"line":62,"column":4},"end":{"line":62,"column":20}},{"start":{},"end":{}}],"line":62}},"s":{"0":3,"1":3,"2":1,"3":2,"4":2,"5":1,"6":1,"7":1,"8":1,"9":6,"10":6,"11":1,"12":5,"13":5,"14":1,"15":1,"16":4,"17":4,"18":7,"19":7,"20":4,"21":3,"22":1},"f":{"0":3,"1":6},"b":{"0":[1,2],"1":[1,1],"2":[1,5],"3":[1,4],"4":[4,3]},"_coverageSchema":"1a1c01bbd47fc00a2c39e90264f33305004495a9","hash":"4db98a207293ab478e0a9e4adbb1ecab8ae21a60"}
,"C:\\Users\\saran\\OneDrive\\Desktop\\creditq\\ai-sales-agent\\api\\src\\knowledge\\creditq.js": {"path":"C:\\Users\\saran\\OneDrive\\Desktop\\creditq\\ai-sales-agent\\api\\src\\knowledge\\creditq.js","statementMap":{"0":{"start":{"line":3,"column":26},"end":{"line":261,"column":1}},"1":{"start":{"line":263,"column":0},"end":{"line":263,"column":38}}},"fnMap":{},"branchMap":{},"s":{"0":2,"1":2},"f":{},"b":{},"_coverageSchema":"1a1c01bbd47fc00a2c39e90264f33305004495a9","hash":"b32f5c53139cde35af0e808cf41aa397cfba9ccd"}
}
