TN:
SF:src\llm.js
FN:7,buildSystemPrompt
FN:11,(anonymous_1)
FN:18,(anonymous_2)
FN:22,(anonymous_3)
FN:72,getReply
FN:94,getReplyStream
FNF:6
FNH:6
FNDA:17,buildSystemPrompt
FNDA:119,(anonymous_1)
FNDA:119,(anonymous_2)
FNDA:85,(anonymous_3)
FNDA:4,getReply
FNDA:6,getReplyStream
DA:3,1
DA:4,1
DA:5,1
DA:8,17
DA:10,17
DA:12,119
DA:13,119
DA:17,17
DA:18,119
DA:21,17
DA:22,85
DA:25,17
DA:73,4
DA:74,4
DA:76,3
DA:78,3
DA:84,3
DA:91,3
DA:95,6
DA:96,6
DA:98,5
DA:100,5
DA:106,5
DA:114,5
DA:115,17
DA:116,17
DA:120,1
LF:27
LH:27
BRDA:12,0,0,119
BRDA:12,0,1,0
BRDA:72,1,0,0
BRDA:72,2,0,1
BRDA:74,3,0,1
BRDA:74,3,1,3
BRDA:94,4,0,0
BRDA:94,5,0,0
BRDA:96,6,0,1
BRDA:96,6,1,5
BRDA:116,7,0,15
BRDA:116,7,1,2
BRF:12
BRH:8
end_of_record
TN:
SF:src\salesScript.js
FN:74,getInitialStage
FN:80,advanceStage
FN:83,(anonymous_2)
FN:87,(anonymous_3)
FN:101,getStageInstruction
FNF:5
FNH:5
FNDA:1,getInitialStage
FNDA:13,advanceStage
FNDA:105,(anonymous_2)
FNDA:68,(anonymous_3)
FNDA:27,getStageInstruction
DA:3,2
DA:12,2
DA:62,2
DA:63,2
DA:65,2
DA:75,1
DA:78,2
DA:81,13
DA:83,105
DA:84,3
DA:87,68
DA:88,3
DA:91,7
DA:92,7
DA:94,7
DA:95,6
DA:98,1
DA:102,27
DA:105,2
LF:19
LH:19
BRDA:81,0,0,13
BRDA:81,0,1,1
BRDA:83,1,0,3
BRDA:83,1,1,10
BRDA:83,2,0,13
BRDA:83,2,1,11
BRDA:87,3,0,3
BRDA:87,3,1,7
BRDA:87,4,0,10
BRDA:87,4,1,8
BRDA:92,5,0,0
BRDA:92,5,1,7
BRDA:94,6,0,6
BRDA:94,6,1,1
BRDA:102,7,0,27
BRDA:102,7,1,1
BRF:16
BRH:15
end_of_record
TN:
SF:src\tts.js
FN:1,synthesize
FN:32,synthesizeStream
FNF:2
FNH:2
FNDA:3,synthesize
FNDA:6,synthesizeStream
DA:2,3
DA:3,3
DA:5,2
DA:23,2
DA:24,1
DA:25,1
DA:28,1
DA:29,1
DA:33,6
DA:34,6
DA:36,5
DA:54,5
DA:55,1
DA:56,1
DA:59,4
DA:60,4
DA:61,7
DA:62,7
DA:63,3
DA:67,1
LF:20
LH:20
BRDA:3,0,0,1
BRDA:3,0,1,2
BRDA:23,1,0,1
BRDA:23,1,1,1
BRDA:34,2,0,1
BRDA:34,2,1,5
BRDA:54,3,0,1
BRDA:54,3,1,4
BRDA:62,4,0,4
BRDA:62,4,1,3
BRF:10
BRH:10
end_of_record
TN:
SF:src\knowledge\creditq.js
FNF:0
FNH:0
DA:3,2
DA:263,2
LF:2
LH:2
BRF:0
BRH:0
end_of_record
